-------------------- Log Start | Sat Dec  2 13:32:22 2023 --------------------
data_path: /home/biqu/printer_data
is_default_data_path: False
config_file: /home/biqu/printer_data/config/moonraker.conf
startup_warnings: []
verbose: False
debug: False
asyncio_debug: False
is_backup_config: False
is_python_package: False
instance_uuid: 5513df029e8949ee998428442cc9fccf
unix_socket_path: /home/biqu/printer_data/comms/moonraker.sock
software_version: v0.8.0-202-gdddd968
git_branch: master
git_remote: origin
git_repo_url: https://github.com/Arksine/moonraker.git
modified_files: []
unofficial_components: []
log_file: /home/biqu/printer_data/logs/moonraker.log
python_version: 3.9.2 (default, Feb 28 2021, 17:03:44)  [GCC 10.2.1 20210110]
msgspec_enabled: False
uvloop_enabled: False

#################### Moonraker Configuration ####################

[server]
host = 0.0.0.0
port = 7125
klippy_uds_address = /home/biqu/printer_data/comms/klippy.sock

[authorization]
trusted_clients = 
	10.0.0.0/8
	127.0.0.0/8
	169.254.0.0/16
	172.16.0.0/12
	192.168.0.0/16
	FE80::/10
	::1/128
cors_domains = 
	*.lan
	*.local
	*://localhost
	*://localhost:*
	*://my.mainsail.xyz
	*://app.fluidd.xyz

[octoprint_compat]

[file_manager]
enable_object_processing = True

[history]

[update_manager]
channel = dev
refresh_interval = 168

[update_manager mainsail-config]
type = git_repo
primary_branch = master
path = ~/mainsail-config
origin = https://github.com/mainsail-crew/mainsail-config.git
managed_services = klipper

[update_manager mainsail]
type = web
channel = stable
repo = mainsail-crew/mainsail
path = ~/mainsail

[update_manager crowsnest]
type = git_repo
path = ~/crowsnest
origin = https://github.com/mainsail-crew/crowsnest.git
managed_services = crowsnest
install_script = tools/pkglist.sh

[update_manager Klipper-Adaptive-Meshing-Purging]
type = git_repo
channel = dev
path = ~/Klipper-Adaptive-Meshing-Purging
origin = https://github.com/kyleisah/Klipper-Adaptive-Meshing-Purging.git
managed_services = klipper
primary_branch = main

#################################################################
All Configuration Files:
/home/biqu/printer_data/config/moonraker.conf
#################################################################
Unsafe Shutdown Count: 4

System Info:

***python***
  version: (3, 9, 2, 'final', 0)
  version_string: 3.9.2 (default, Feb 28 2021, 17:03:44)  [GCC 10.2.1 20210110]

***cpu_info***
  cpu_count: 4
  bits: 64bit
  processor: aarch64
  cpu_desc: 
  serial_number: 
  hardware_desc: 
  model: 
  total_memory: 1010636
  memory_units: kB

***sd_info***

***distribution***
  name: Debian GNU/Linux 11 (bullseye)
  id: debian
  version: 11
  version_parts: {'major': '11', 'minor': '', 'build_number': ''}
  like: 
  codename: bullseye
  release_info: {'name': '# PLEASE DO NOT EDIT THIS FILE', 'id': 'board'}

***virtualization***
  virt_type: none
  virt_identifier: none

***network***

***canbus***

***Allowed Services***
  klipper_mcu
  webcamd
  MoonCord
  KlipperScreen
  moonraker-telegram-bot
  moonraker-obico
  sonar
  crowsnest
  octoeverywhere
  ratos-configurator
2023-12-02 13:32:22,908 [machine.py:check_virt_status()] - No Virtualization Detected
2023-12-02 13:32:22,956 [machine.py:_find_public_ip()] - Detected Local IP: 192.168.178.43
2023-12-02 13:32:22,980 [webcam.py:_set_default_host_ip()] - Default public webcam address set: http://192.168.178.43
2023-12-02 13:32:23,258 [server.py:add_log_rollover_item()] - 
Systemd unit moonraker.service:
unit_name: moonraker.service
is_default: True
manager: systemd
Properties:
**Requires=['system.slice', '-.mount', 'sysinit.target', 'network-online.target']
**After=['system.slice', '-.mount', 'systemd-journald.socket', 'basic.target', 'network-online.target', 'sysinit.target']
**SupplementaryGroups=['moonraker-admin']
**EnvironmentFiles=/home/biqu/printer_data/systemd/moonraker.env
**ExecStart=/home/biqu/moonraker-env/bin/python $MOONRAKER_ARGS
**WorkingDirectory=/home/biqu/moonraker
**FragmentPath=/etc/systemd/system/moonraker.service
**Description=API Server for Klipper SV1
**User=biqu
2023-12-02 13:32:23,259 [server.py:_initialize_component()] - Performing Component Post Init: [proc_stats]
2023-12-02 13:32:23,260 [server.py:_initialize_component()] - Performing Component Post Init: [announcements]
2023-12-02 13:32:23,265 [server.py:_initialize_component()] - Performing Component Post Init: [webcam]
2023-12-02 13:32:23,266 [webcam.py:_set_default_host_ip()] - Default public webcam address set: http://192.168.178.43
2023-12-02 13:32:23,269 [server.py:_initialize_component()] - Performing Component Post Init: [klippy_connection]
2023-12-02 13:32:23,272 [server.py:add_log_rollover_item()] - 
Systemd unit klipper.service:
unit_name: klipper.service
is_default: True
manager: systemd
Properties:
**Requires=['sysinit.target', '-.mount', 'system.slice']
**After=['systemd-journald.socket', 'sysinit.target', 'network-online.target', '-.mount', 'system.slice', 'basic.target', 'klipper-mcu.service']
**SupplementaryGroups=[]
**EnvironmentFiles=/home/biqu/printer_data/systemd/klipper.env
**ExecStart=/home/biqu/klippy-env/bin/python $KLIPPER_ARGS
**WorkingDirectory=/home/biqu/klipper
**FragmentPath=/etc/systemd/system/klipper.service
**Description=Klipper 3D Printer Firmware SV1
**User=biqu
2023-12-02 13:32:23,273 [server.py:_initialize_component()] - Performing Component Post Init: [update_manager]
2023-12-02 13:32:23,279 [server.py:_initialize_component()] - Performing Component Post Init: [authorization]
2023-12-02 13:32:24,133 [base_deploy.py:log_info()] - PackageDeploy: PackageKit Provider Configured
2023-12-02 13:32:24,174 [git_deploy.py:log_repo_info()] - Git Repo moonraker Detected:
Owner: Arksine
Repository Name: moonraker
Path: /home/biqu/moonraker
Remote: origin
Branch: master
Remote URL: https://github.com/Arksine/moonraker.git
Recovery URL: https://github.com/Arksine/moonraker.git
Current Commit SHA: dddd968f82bf31155e295c170ebcce060d8d2cf9
Upstream Commit SHA: fb15b2a3de1ac203a8bf2a700b08c649d23cd4a0
Current Version: v0.8.0-202-gdddd968f
Upstream Version: v0.8.0-204-gfb15b2a3
Rollback Commit: dddd968f82bf31155e295c170ebcce060d8d2cf9
Rollback Branch: master
Rollback Version: v0.8.0-202-gdddd968f
Is Dirty: False
Is Detached: False
Is Shallow: False
Commits Behind Count: 2
Diverged: False
2023-12-02 13:32:24,218 [git_deploy.py:log_repo_info()] - Git Repo klipper Detected:
Owner: Klipper3d
Repository Name: klipper
Path: /home/biqu/klipper
Remote: origin
Branch: master
Remote URL: https://github.com/Klipper3d/klipper
Recovery URL: https://github.com/Klipper3d/klipper
Current Commit SHA: 187cc2f1b89e3870d694f8db6a64b116992106b7
Upstream Commit SHA: ea2f6bc0f544132738c7f052ffcc586fa884a19a
Current Version: v0.12.0-8-g187cc2f1
Upstream Version: v0.12.0-10-gea2f6bc0
Rollback Commit: 187cc2f1b89e3870d694f8db6a64b116992106b7
Rollback Branch: master
Rollback Version: v0.12.0-8-g187cc2f1
Is Dirty: False
Is Detached: False
Is Shallow: False
Commits Behind Count: 2
Diverged: False
Repo Warnings:
  Repo has untracked source files: ['klippy/extras/gcode_shell_command.py']
2023-12-02 13:32:24,261 [git_deploy.py:log_repo_info()] - Git Repo mainsail-config Detected:
Owner: mainsail-crew
Repository Name: mainsail-config
Path: /home/biqu/mainsail-config
Remote: origin
Branch: master
Remote URL: https://github.com/mainsail-crew/mainsail-config.git
Recovery URL: https://github.com/mainsail-crew/mainsail-config.git
Current Commit SHA: 76a9999986b03abb3aed272dc0a818f13a18ea7e
Upstream Commit SHA: 76a9999986b03abb3aed272dc0a818f13a18ea7e
Current Version: v1.1.0-1-g76a99999
Upstream Version: v1.1.0-1-g76a99999
Rollback Commit: 76a9999986b03abb3aed272dc0a818f13a18ea7e
Rollback Branch: master
Rollback Version: v1.1.0-1-g76a99999
Is Dirty: False
Is Detached: False
Is Shallow: False
Commits Behind Count: 0
Diverged: False
2023-12-02 13:32:24,277 [web_deploy.py:_log_client_info()] - Web Client mainsail Detected:
Repo: mainsail-crew/mainsail
Channel: stable
Path: /home/biqu/mainsail
Local Version: v2.8.0
Remote Version: v2.8.0
Valid: True
Fallback Client Detected: False
Pre-release: False
Download Url: https://github.com/mainsail-crew/mainsail/releases/download/v2.8.0/mainsail.zip
Download Size: 2147663
Content Type: application/zip
Rollback Version: v2.8.0
Rollback Repo: mainsail-crew/mainsail
2023-12-02 13:32:24,320 [git_deploy.py:log_repo_info()] - Git Repo crowsnest Detected:
Owner: mainsail-crew
Repository Name: crowsnest
Path: /home/biqu/crowsnest
Remote: origin
Branch: master
Remote URL: https://github.com/mainsail-crew/crowsnest.git
Recovery URL: https://github.com/mainsail-crew/crowsnest.git
Current Commit SHA: 380c1776207bc8d69f18daa651413e01fb879c74
Upstream Commit SHA: f7ac6aa298143f0019eae9b2b2be8039196ebeda
Current Version: v4.1.0-1-g380c1776
Upstream Version: v4.1.1-1-gf7ac6aa2
Rollback Commit: 380c1776207bc8d69f18daa651413e01fb879c74
Rollback Branch: master
Rollback Version: v4.1.0-1-g380c1776
Is Dirty: False
Is Detached: False
Is Shallow: False
Commits Behind Count: 8
Diverged: False
2023-12-02 13:32:24,365 [base_deploy.py:log_info()] - PackageKit: Next refresh in: 2 Days, 46 Minutes, 40 Seconds
2023-12-02 13:32:24,365 [base_deploy.py:log_info()] - Git Repo moonraker: Next refresh in: 2 Days, 46 Minutes, 42 Seconds
2023-12-02 13:32:24,366 [base_deploy.py:log_info()] - Git Repo klipper: Next refresh in: 2 Days, 46 Minutes, 58 Seconds
2023-12-02 13:32:24,366 [base_deploy.py:log_info()] - Git Repo mainsail-config: Next refresh in: 2 Days, 47 Minutes
2023-12-02 13:32:24,367 [base_deploy.py:log_info()] - Web Client mainsail: Next refresh in: 2 Days, 47 Minutes
2023-12-02 13:32:24,367 [base_deploy.py:log_info()] - Git Repo crowsnest: Next refresh in: 2 Days, 47 Minutes, 2 Seconds
2023-12-02 13:32:24,399 [extensions.py:start_unix_server()] - Creating Unix Domain Socket at '/home/biqu/printer_data/comms/moonraker.sock'
2023-12-02 13:32:24,403 [server.py:start_server()] - Starting Moonraker on (0.0.0.0, 7125), Hostname: BTT-Pad7
2023-12-02 13:32:24,407 [app.py:listen()] - SSL Certificate/Key not configured, aborting HTTPS Server startup
2023-12-02 13:32:24,662 [klippy_connection.py:_do_connect()] - Klippy Connection Established
2023-12-02 13:32:24,972 [server.py:add_log_rollover_item()] - 
Systemd unit klipper.service:
unit_name: klipper.service
is_default: True
manager: systemd
Properties:
**Requires=['system.slice', 'sysinit.target', '-.mount']
**After=['basic.target', 'klipper-mcu.service', 'systemd-journald.socket', 'system.slice', '-.mount', 'network-online.target', 'sysinit.target']
**SupplementaryGroups=[]
**EnvironmentFiles=/home/biqu/printer_data/systemd/klipper.env
**ExecStart=/home/biqu/klippy-env/bin/python $KLIPPER_ARGS
**WorkingDirectory=/home/biqu/klipper
**FragmentPath=/etc/systemd/system/klipper.service
**Description=Klipper 3D Printer Firmware SV1
**User=biqu
2023-12-02 13:32:25,232 [server.py:add_log_rollover_item()] - Klipper Version: v0.12.0-8-g187cc2f1-dirty
2023-12-02 13:32:25,262 [shell_command.py:_check_proc_success()] - Command (git -C /home/biqu/Klipper-Adaptive-Meshing-Purging status --porcelain -b) successfully finished
2023-12-02 13:32:25,295 [app.py:register_remote_handler()] - Registering HTTP endpoint: (GET POST) /printer/info
2023-12-02 13:32:25,298 [websockets.py:register_api_handler()] - Registering Websocket JSON-RPC methods: printer.info
2023-12-02 13:32:25,299 [app.py:register_remote_handler()] - Registering HTTP endpoint: (GET POST) /printer/emergency_stop
2023-12-02 13:32:25,300 [websockets.py:register_api_handler()] - Registering Websocket JSON-RPC methods: printer.emergency_stop
2023-12-02 13:32:25,301 [app.py:register_remote_handler()] - Registering HTTP endpoint: (GET POST) /printer/gcode/help
2023-12-02 13:32:25,304 [websockets.py:register_api_handler()] - Registering Websocket JSON-RPC methods: printer.gcode.help
2023-12-02 13:32:25,305 [app.py:register_remote_handler()] - Registering HTTP endpoint: (GET POST) /printer/gcode/script
2023-12-02 13:32:25,306 [websockets.py:register_api_handler()] - Registering Websocket JSON-RPC methods: printer.gcode.script
2023-12-02 13:32:25,307 [app.py:register_remote_handler()] - Registering HTTP endpoint: (GET POST) /printer/gcode/restart
2023-12-02 13:32:25,309 [websockets.py:register_api_handler()] - Registering Websocket JSON-RPC methods: printer.gcode.restart
2023-12-02 13:32:25,310 [app.py:register_remote_handler()] - Registering HTTP endpoint: (GET POST) /printer/gcode/firmware_restart
2023-12-02 13:32:25,311 [websockets.py:register_api_handler()] - Registering Websocket JSON-RPC methods: printer.gcode.firmware_restart
2023-12-02 13:32:25,312 [app.py:register_remote_handler()] - Registering HTTP endpoint: (GET POST) /printer/objects/list
2023-12-02 13:32:25,314 [websockets.py:register_api_handler()] - Registering Websocket JSON-RPC methods: printer.objects.list
2023-12-02 13:32:25,314 [app.py:register_remote_handler()] - Registering HTTP endpoint: (GET POST) /printer/objects/query
2023-12-02 13:32:25,316 [websockets.py:register_api_handler()] - Registering Websocket JSON-RPC methods: printer.objects.query
2023-12-02 13:32:25,316 [app.py:register_remote_handler()] - Registering HTTP endpoint: (GET POST) /printer/objects/subscribe
2023-12-02 13:32:25,318 [websockets.py:register_api_handler()] - Registering Websocket JSON-RPC methods: printer.objects.subscribe
2023-12-02 13:32:25,318 [app.py:register_remote_handler()] - Registering HTTP endpoint: (GET POST) /printer/pause_resume/cancel
2023-12-02 13:32:25,321 [websockets.py:register_api_handler()] - Registering Websocket JSON-RPC methods: printer.pause_resume.cancel
2023-12-02 13:32:25,321 [app.py:register_remote_handler()] - Registering HTTP endpoint: (GET POST) /printer/pause_resume/pause
2023-12-02 13:32:25,323 [websockets.py:register_api_handler()] - Registering Websocket JSON-RPC methods: printer.pause_resume.pause
2023-12-02 13:32:25,323 [app.py:register_remote_handler()] - Registering HTTP endpoint: (GET POST) /printer/pause_resume/resume
2023-12-02 13:32:25,325 [websockets.py:register_api_handler()] - Registering Websocket JSON-RPC methods: printer.pause_resume.resume
2023-12-02 13:32:25,326 [app.py:register_remote_handler()] - Registering HTTP endpoint: (GET POST) /printer/motion_report/dump_stepper
2023-12-02 13:32:25,328 [websockets.py:register_api_handler()] - Registering Websocket JSON-RPC methods: printer.motion_report.dump_stepper
2023-12-02 13:32:25,328 [app.py:register_remote_handler()] - Registering HTTP endpoint: (GET POST) /printer/query_endstops/status
2023-12-02 13:32:25,330 [websockets.py:register_api_handler()] - Registering Websocket JSON-RPC methods: printer.query_endstops.status
2023-12-02 13:32:25,331 [app.py:register_remote_handler()] - Registering HTTP endpoint: (GET POST) /printer/motion_report/dump_trapq
2023-12-02 13:32:25,333 [websockets.py:register_api_handler()] - Registering Websocket JSON-RPC methods: printer.motion_report.dump_trapq
2023-12-02 13:32:25,355 [authorization.py:_check_trusted_connection()] - Trusted Connection Detected, IP: 127.0.0.1
2023-12-02 13:32:25,382 [klippy_connection.py:_request_initial_subscriptions()] - Webhooks Subscribed
2023-12-02 13:32:25,406 [klippy_connection.py:_request_initial_subscriptions()] - GCode Output Subscribed
2023-12-02 13:32:25,453 [app.py:log_request()] - 101 GET /websocket?token=UIDCL73R4JWEUA7BFKPN7YAP44ZQCSN3 (127.0.0.1) [_TRUSTED_USER_] 12.16ms
2023-12-02 13:32:25,455 [websockets.py:open()] - Websocket Opened: ID: 281473099218848, Proxied: False, User Agent: , Host Name: 127.0.0.1
2023-12-02 13:32:25,469 [shell_command.py:_check_proc_success()] - Command (git -C /home/biqu/Klipper-Adaptive-Meshing-Purging branch --list --no-color) successfully finished
2023-12-02 13:32:25,548 [shell_command.py:_check_proc_success()] - Command (git -C /home/biqu/Klipper-Adaptive-Meshing-Purging remote get-url origin) successfully finished
2023-12-02 13:32:25,593 [job_state.py:_handle_started()] - Job state initialized: standby
2023-12-02 13:32:25,882 [klippy_connection.py:_check_ready()] - Klippy ready
2023-12-02 13:32:26,242 [file_manager.py:get_file_list()] - Updating File List <gcodes>...
2023-12-02 13:32:26,350 [data_store.py:_init_sensors()] - Configuring available sensors: ['heater_bed', 'extruder']
2023-12-02 13:32:26,919 [shell_command.py:_check_proc_success()] - Command (git -C /home/biqu/Klipper-Adaptive-Meshing-Purging fetch origin --prune --progress) successfully finished
2023-12-02 13:32:26,952 [shell_command.py:_check_proc_success()] - Command (git -C /home/biqu/Klipper-Adaptive-Meshing-Purging merge-base --is-ancestor HEAD origin/main) successfully finished
2023-12-02 13:32:26,978 [shell_command.py:_check_proc_success()] - Command (git -C /home/biqu/Klipper-Adaptive-Meshing-Purging rev-parse HEAD) successfully finished
2023-12-02 13:32:27,025 [shell_command.py:_check_proc_success()] - Command (git -C /home/biqu/Klipper-Adaptive-Meshing-Purging describe --always --tags --long --dirty --abbrev=8) successfully finished
2023-12-02 13:32:27,050 [shell_command.py:_check_proc_success()] - Command (git -C /home/biqu/Klipper-Adaptive-Meshing-Purging rev-parse origin/main) successfully finished
2023-12-02 13:32:27,082 [shell_command.py:_check_proc_success()] - Command (git -C /home/biqu/Klipper-Adaptive-Meshing-Purging describe origin/main --always --tags --long --abbrev=8) successfully finished
2023-12-02 13:32:27,112 [shell_command.py:_check_proc_success()] - Command (git -C /home/biqu/Klipper-Adaptive-Meshing-Purging rev-list HEAD..3eca87b784895ec7d8679f5dae56f1ffa975552b --count) successfully finished
2023-12-02 13:32:27,114 [git_deploy.py:log_repo_info()] - Git Repo Klipper-Adaptive-Meshing-Purging Detected:
Owner: kyleisah
Repository Name: Klipper-Adaptive-Meshing-Purging
Path: /home/biqu/Klipper-Adaptive-Meshing-Purging
Remote: origin
Branch: main
Remote URL: https://github.com/kyleisah/Klipper-Adaptive-Meshing-Purging.git
Recovery URL: https://github.com/kyleisah/Klipper-Adaptive-Meshing-Purging.git
Current Commit SHA: 3eca87b784895ec7d8679f5dae56f1ffa975552b
Upstream Commit SHA: 3eca87b784895ec7d8679f5dae56f1ffa975552b
Current Version: v1.1.2-7-g3eca87b7
Upstream Version: v1.1.2-7-g3eca87b7
Rollback Commit: 3eca87b784895ec7d8679f5dae56f1ffa975552b
Rollback Branch: main
Rollback Version: v1.1.2-7-g3eca87b7
Is Dirty: False
Is Detached: False
Is Shallow: False
Commits Behind Count: 0
Diverged: False
2023-12-02 13:32:27,115 [base_deploy.py:log_info()] - Git Repo Klipper-Adaptive-Meshing-Purging: Channel: dev
2023-12-02 13:32:27,116 [base_deploy.py:log_info()] - Git Repo Klipper-Adaptive-Meshing-Purging: Validity check for git repo passed
2023-12-02 13:37:39,316 [authorization.py:_check_trusted_connection()] - Trusted Connection Detected, IP: 192.168.178.33
2023-12-02 13:37:39,320 [app.py:log_request()] - 101 GET /websocket (192.168.178.33) [_TRUSTED_USER_] 8.61ms
2023-12-02 13:37:39,321 [websockets.py:open()] - Websocket Opened: ID: 281473099472416, Proxied: True, User Agent: Mozilla/5.0 (Windows NT 10.0; Win64; x64; rv:120.0) Gecko/20100101 Firefox/120.0, Host Name: btt-pad7.local
2023-12-02 13:37:39,333 [websockets.py:_handle_identify()] - Websocket 281473099472416 Client Identified - Name: mainsail, Version: 2.8.0, Type: web
2023-12-02 13:41:00,860 [app.py:prepare()] - Upload Request Received from 192.168.178.33
Content-Type: multipart/form-data; boundary=---------------------------26440726319675175102315868819
2023-12-02 13:41:00,887 [app.py:post()] - Processing Uploaded File: base_macros
2023-12-02 13:41:00,902 [app.py:log_request()] - 201 POST /server/files/upload (192.168.178.33) [_TRUSTED_USER_] 45.50ms
2023-12-02 13:41:17,160 [app.py:prepare()] - Upload Request Received from 192.168.178.33
Content-Type: multipart/form-data; boundary=---------------------------138383801213009562441100569499
2023-12-02 13:41:17,192 [app.py:post()] - Processing Uploaded File: filament_macros
2023-12-02 13:41:17,209 [app.py:log_request()] - 201 POST /server/files/upload (192.168.178.33) [_TRUSTED_USER_] 51.29ms
2023-12-02 13:41:45,581 [app.py:prepare()] - Upload Request Received from 192.168.178.33
Content-Type: multipart/form-data; boundary=---------------------------424701719015780840564283344959
2023-12-02 13:41:45,612 [app.py:post()] - Processing Uploaded File: calibration_macros
2023-12-02 13:41:45,626 [app.py:log_request()] - 201 POST /server/files/upload (192.168.178.33) [_TRUSTED_USER_] 47.69ms
2023-12-02 13:42:01,255 [app.py:prepare()] - Upload Request Received from 192.168.178.33
Content-Type: multipart/form-data; boundary=---------------------------19566000230565432381750537793
2023-12-02 13:42:01,283 [app.py:post()] - Processing Uploaded File: test_macros
2023-12-02 13:42:01,299 [app.py:log_request()] - 201 POST /server/files/upload (192.168.178.33) [_TRUSTED_USER_] 46.64ms
2023-12-02 13:47:15,844 [app.py:prepare()] - Upload Request Received from 192.168.178.33
Content-Type: multipart/form-data; boundary=---------------------------148299129234179028601274043459
2023-12-02 13:47:15,872 [app.py:post()] - Processing Uploaded File: printer.cfg
2023-12-02 13:47:15,886 [app.py:log_request()] - 201 POST /server/files/upload (192.168.178.33) [_TRUSTED_USER_] 44.94ms
2023-12-02 13:47:16,943 [klippy_connection.py:_on_connection_closed()] - Klippy Connection Removed
2023-12-02 13:47:18,209 [klippy_connection.py:_do_connect()] - Klippy Connection Established
2023-12-02 13:47:18,631 [klippy_connection.py:_request_initial_subscriptions()] - Webhooks Subscribed
2023-12-02 13:47:18,640 [klippy_connection.py:_request_initial_subscriptions()] - GCode Output Subscribed
2023-12-02 13:47:18,646 [klippy_connection.py:_check_ready()] - 
Include file '/home/biqu/printer_data/config/macros/base_macros' does not exist

Once the underlying issue is corrected, use the "RESTART"
command to reload the config and restart the host software.
Printer is halted

2023-12-02 13:47:21,157 [file_manager.py:get_file_list()] - Updating File List <gcodes>...
2023-12-02 13:48:08,008 [klippy_connection.py:_on_connection_closed()] - Klippy Connection Removed
2023-12-02 13:48:09,274 [klippy_connection.py:_do_connect()] - Klippy Connection Established
2023-12-02 13:48:09,696 [klippy_connection.py:_request_initial_subscriptions()] - Webhooks Subscribed
2023-12-02 13:48:09,699 [klippy_connection.py:_request_initial_subscriptions()] - GCode Output Subscribed
2023-12-02 13:48:09,705 [klippy_connection.py:_check_ready()] - 
Include file '/home/biqu/printer_data/config/macros/base_macros' does not exist

Once the underlying issue is corrected, use the "RESTART"
command to reload the config and restart the host software.
Printer is halted

2023-12-02 13:48:12,222 [file_manager.py:get_file_list()] - Updating File List <gcodes>...
-------------------- Log Start | Mon Nov 27 17:17:15 2023 --------------------
data_path: /home/biqu/printer_data
is_default_data_path: False
config_file: /home/biqu/printer_data/config/moonraker.conf
startup_warnings: []
verbose: False
debug: False
asyncio_debug: False
is_backup_config: False
is_python_package: False
instance_uuid: 5513df029e8949ee998428442cc9fccf
unix_socket_path: /home/biqu/printer_data/comms/moonraker.sock
software_version: v0.8.0-202-gdddd968
git_branch: master
git_remote: origin
git_repo_url: https://github.com/Arksine/moonraker.git
modified_files: []
unofficial_components: []
log_file: /home/biqu/printer_data/logs/moonraker.log
python_version: 3.9.2 (default, Feb 28 2021, 17:03:44)  [GCC 10.2.1 20210110]
msgspec_enabled: False
uvloop_enabled: False
2023-11-27 17:17:15,707 [confighelper.py:read_file()] - Configuration File '/home/biqu/printer_data/config/moonraker.conf' parsed, total size: 1252 B
2023-11-27 17:17:15,709 [server.py:add_log_rollover_item()] - 
#################### Moonraker Configuration ####################

[server]
host = 0.0.0.0
port = 7125
klippy_uds_address = /home/biqu/printer_data/comms/klippy.sock

[authorization]
trusted_clients = 
	10.0.0.0/8
	127.0.0.0/8
	169.254.0.0/16
	172.16.0.0/12
	192.168.0.0/16
	FE80::/10
	::1/128
cors_domains = 
	*.lan
	*.local
	*://localhost
	*://localhost:*
	*://my.mainsail.xyz
	*://app.fluidd.xyz

[octoprint_compat]

[file_manager]
enable_object_processing = True

[history]

[update_manager]
channel = dev
refresh_interval = 168

[update_manager mainsail-config]
type = git_repo
primary_branch = master
path = ~/mainsail-config
origin = https://github.com/mainsail-crew/mainsail-config.git
managed_services = klipper

[update_manager mainsail]
type = web
channel = stable
repo = mainsail-crew/mainsail
path = ~/mainsail

[update_manager crowsnest]
type = git_repo
path = ~/crowsnest
origin = https://github.com/mainsail-crew/crowsnest.git
managed_services = crowsnest
install_script = tools/pkglist.sh

[update_manager Klipper-Adaptive-Meshing-Purging]
type = git_repo
channel = dev
path = ~/Klipper-Adaptive-Meshing-Purging
origin = https://github.com/kyleisah/Klipper-Adaptive-Meshing-Purging.git
managed_services = klipper
primary_branch = main

#################################################################
All Configuration Files:
/home/biqu/printer_data/config/moonraker.conf
#################################################################
2023-11-27 17:17:15,842 [app.py:register_local_handler()] - Registering HTTP Endpoint: (POST) /server/logs/rollover
2023-11-27 17:17:15,844 [websockets.py:register_api_handler()] - Registering Websocket JSON-RPC methods: server.logs.rollover
2023-11-27 17:17:15,845 [app.py:register_local_handler()] - Registering HTTP Endpoint: (GET) /server/info
2023-11-27 17:17:15,846 [websockets.py:register_api_handler()] - Registering Websocket JSON-RPC methods: server.info
2023-11-27 17:17:15,847 [app.py:register_local_handler()] - Registering HTTP Endpoint: (GET) /server/config
2023-11-27 17:17:15,855 [websockets.py:register_api_handler()] - Registering Websocket JSON-RPC methods: server.config
2023-11-27 17:17:15,856 [app.py:register_local_handler()] - Registering HTTP Endpoint: (POST) /server/restart
2023-11-27 17:17:15,857 [websockets.py:register_api_handler()] - Registering Websocket JSON-RPC methods: server.restart
2023-11-27 17:17:16,316 [server.py:load_component()] - Component (dbus_manager) loaded
2023-11-27 17:17:16,481 [server.py:add_log_rollover_item()] - Unsafe Shutdown Count: 5
2023-11-27 17:17:16,516 [app.py:register_local_handler()] - Registering HTTP Endpoint: (GET) /server/database/list
2023-11-27 17:17:16,518 [websockets.py:register_api_handler()] - Registering Websocket JSON-RPC methods: server.database.list
2023-11-27 17:17:16,518 [app.py:register_local_handler()] - Registering HTTP Endpoint: (GET POST DELETE) /server/database/item
2023-11-27 17:17:16,520 [websockets.py:register_api_handler()] - Registering Websocket JSON-RPC methods: server.database.get_item, server.database.post_item, server.database.delete_item
2023-11-27 17:17:16,521 [server.py:load_component()] - Component (database) loaded
2023-11-27 17:17:16,676 [file_manager.py:__init__()] - Using File System Observer: inotify
2023-11-27 17:17:16,782 [app.py:register_local_handler()] - Registering HTTP Endpoint: (GET) /server/files/list
2023-11-27 17:17:16,785 [websockets.py:register_api_handler()] - Registering Websocket JSON-RPC methods: server.files.list
2023-11-27 17:17:16,786 [app.py:register_local_handler()] - Registering HTTP Endpoint: (GET) /server/files/metadata
2023-11-27 17:17:16,791 [websockets.py:register_api_handler()] - Registering Websocket JSON-RPC methods: server.files.metadata
2023-11-27 17:17:16,792 [app.py:register_local_handler()] - Registering HTTP Endpoint: (POST) /server/files/metascan
2023-11-27 17:17:16,794 [websockets.py:register_api_handler()] - Registering Websocket JSON-RPC methods: server.files.metascan
2023-11-27 17:17:16,794 [app.py:register_local_handler()] - Registering HTTP Endpoint: (GET) /server/files/thumbnails
2023-11-27 17:17:16,796 [websockets.py:register_api_handler()] - Registering Websocket JSON-RPC methods: server.files.thumbnails
2023-11-27 17:17:16,798 [app.py:register_local_handler()] - Registering HTTP Endpoint: (GET) /server/files/roots
2023-11-27 17:17:16,799 [websockets.py:register_api_handler()] - Registering Websocket JSON-RPC methods: server.files.roots
2023-11-27 17:17:16,800 [app.py:register_local_handler()] - Registering HTTP Endpoint: (GET POST DELETE) /server/files/directory
2023-11-27 17:17:16,802 [websockets.py:register_api_handler()] - Registering Websocket JSON-RPC methods: server.files.get_directory, server.files.post_directory, server.files.delete_directory
2023-11-27 17:17:16,803 [app.py:register_local_handler()] - Registering HTTP Endpoint: (POST) /server/files/move
2023-11-27 17:17:16,805 [websockets.py:register_api_handler()] - Registering Websocket JSON-RPC methods: server.files.move
2023-11-27 17:17:16,806 [app.py:register_local_handler()] - Registering HTTP Endpoint: (POST) /server/files/copy
2023-11-27 17:17:16,807 [websockets.py:register_api_handler()] - Registering Websocket JSON-RPC methods: server.files.copy
2023-11-27 17:17:16,808 [app.py:register_local_handler()] - Registering HTTP Endpoint: (POST) /server/files/zip
2023-11-27 17:17:16,810 [websockets.py:register_api_handler()] - Registering Websocket JSON-RPC methods: server.files.zip
2023-11-27 17:17:16,811 [websockets.py:register_api_handler()] - Registering Websocket JSON-RPC methods: server.files.delete_file
2023-11-27 17:17:16,836 [server.py:load_component()] - Component (file_manager) loaded
2023-11-27 17:17:16,854 [app.py:register_local_handler()] - Registering HTTP Endpoint: (POST) /printer/print/pause
2023-11-27 17:17:16,856 [websockets.py:register_api_handler()] - Registering Websocket JSON-RPC methods: printer.print.pause
2023-11-27 17:17:16,857 [app.py:register_local_handler()] - Registering HTTP Endpoint: (POST) /printer/print/resume
2023-11-27 17:17:16,860 [websockets.py:register_api_handler()] - Registering Websocket JSON-RPC methods: printer.print.resume
2023-11-27 17:17:16,870 [app.py:register_local_handler()] - Registering HTTP Endpoint: (POST) /printer/print/cancel
2023-11-27 17:17:16,874 [websockets.py:register_api_handler()] - Registering Websocket JSON-RPC methods: printer.print.cancel
2023-11-27 17:17:16,875 [app.py:register_local_handler()] - Registering HTTP Endpoint: (POST) /printer/print/start
2023-11-27 17:17:16,885 [websockets.py:register_api_handler()] - Registering Websocket JSON-RPC methods: printer.print.start
2023-11-27 17:17:16,886 [app.py:register_local_handler()] - Registering HTTP Endpoint: (POST) /printer/restart
2023-11-27 17:17:16,887 [websockets.py:register_api_handler()] - Registering Websocket JSON-RPC methods: printer.restart
2023-11-27 17:17:16,888 [app.py:register_local_handler()] - Registering HTTP Endpoint: (POST) /printer/firmware_restart
2023-11-27 17:17:16,896 [websockets.py:register_api_handler()] - Registering Websocket JSON-RPC methods: printer.firmware_restart
2023-11-27 17:17:16,897 [server.py:load_component()] - Component (klippy_apis) loaded
2023-11-27 17:17:17,706 [server.py:load_component()] - Component (secrets) loaded
2023-11-27 17:17:17,775 [server.py:load_component()] - Component (template) loaded
2023-11-27 17:17:17,997 [server.py:add_log_rollover_item()] - 
System Info:

***python***
  version: (3, 9, 2, 'final', 0)
  version_string: 3.9.2 (default, Feb 28 2021, 17:03:44)  [GCC 10.2.1 20210110]

***cpu_info***
  cpu_count: 4
  bits: 64bit
  processor: aarch64
  cpu_desc: 
  serial_number: 
  hardware_desc: 
  model: 
  total_memory: 1010636
  memory_units: kB

***sd_info***

***distribution***
  name: Debian GNU/Linux 11 (bullseye)
  id: debian
  version: 11
  version_parts: {'major': '11', 'minor': '', 'build_number': ''}
  like: 
  codename: bullseye
  release_info: {'name': '# PLEASE DO NOT EDIT THIS FILE', 'id': 'board'}

***virtualization***
  virt_type: none
  virt_identifier: none

***network***

***canbus***

***Allowed Services***
  klipper_mcu
  webcamd
  MoonCord
  KlipperScreen
  moonraker-telegram-bot
  moonraker-obico
  sonar
  crowsnest
  octoeverywhere
  ratos-configurator
2023-11-27 17:17:18,092 [server.py:load_component()] - Component (shell_command) loaded
2023-11-27 17:17:18,094 [machine.py:__init__()] - Using System Provider: systemd_dbus
2023-11-27 17:17:18,097 [app.py:register_local_handler()] - Registering HTTP Endpoint: (POST) /machine/reboot
2023-11-27 17:17:18,104 [websockets.py:register_api_handler()] - Registering Websocket JSON-RPC methods: machine.reboot
2023-11-27 17:17:18,104 [app.py:register_local_handler()] - Registering HTTP Endpoint: (POST) /machine/shutdown
2023-11-27 17:17:18,106 [websockets.py:register_api_handler()] - Registering Websocket JSON-RPC methods: machine.shutdown
2023-11-27 17:17:18,106 [app.py:register_local_handler()] - Registering HTTP Endpoint: (POST) /machine/services/restart
2023-11-27 17:17:18,108 [websockets.py:register_api_handler()] - Registering Websocket JSON-RPC methods: machine.services.restart
2023-11-27 17:17:18,109 [app.py:register_local_handler()] - Registering HTTP Endpoint: (POST) /machine/services/stop
2023-11-27 17:17:18,121 [websockets.py:register_api_handler()] - Registering Websocket JSON-RPC methods: machine.services.stop
2023-11-27 17:17:18,122 [app.py:register_local_handler()] - Registering HTTP Endpoint: (POST) /machine/services/start
2023-11-27 17:17:18,124 [websockets.py:register_api_handler()] - Registering Websocket JSON-RPC methods: machine.services.start
2023-11-27 17:17:18,124 [app.py:register_local_handler()] - Registering HTTP Endpoint: (GET) /machine/system_info
2023-11-27 17:17:18,133 [websockets.py:register_api_handler()] - Registering Websocket JSON-RPC methods: machine.system_info
2023-11-27 17:17:18,134 [app.py:register_local_handler()] - Registering HTTP Endpoint: (GET) /machine/sudo/info
2023-11-27 17:17:18,136 [websockets.py:register_api_handler()] - Registering Websocket JSON-RPC methods: machine.sudo.info
2023-11-27 17:17:18,145 [app.py:register_local_handler()] - Registering HTTP Endpoint: (POST) /machine/sudo/password
2023-11-27 17:17:18,146 [websockets.py:register_api_handler()] - Registering Websocket JSON-RPC methods: machine.sudo.password
2023-11-27 17:17:18,151 [server.py:load_component()] - Component (machine) loaded
2023-11-27 17:17:18,166 [app.py:register_local_handler()] - Registering HTTP Endpoint: (GET) /server/temperature_store
2023-11-27 17:17:18,171 [websockets.py:register_api_handler()] - Registering Websocket JSON-RPC methods: server.temperature_store
2023-11-27 17:17:18,178 [app.py:register_local_handler()] - Registering HTTP Endpoint: (GET) /server/gcode_store
2023-11-27 17:17:18,180 [websockets.py:register_api_handler()] - Registering Websocket JSON-RPC methods: server.gcode_store
2023-11-27 17:17:18,180 [server.py:load_component()] - Component (data_store) loaded
2023-11-27 17:17:18,205 [proc_stats.py:__init__()] - Unable to find 'vcgencmd', throttle checking disabled
2023-11-27 17:17:18,227 [app.py:register_local_handler()] - Registering HTTP Endpoint: (GET) /machine/proc_stats
2023-11-27 17:17:18,239 [websockets.py:register_api_handler()] - Registering Websocket JSON-RPC methods: machine.proc_stats
2023-11-27 17:17:18,240 [server.py:load_component()] - Component (proc_stats) loaded
2023-11-27 17:17:18,250 [server.py:load_component()] - Component (job_state) loaded
2023-11-27 17:17:18,269 [app.py:register_local_handler()] - Registering HTTP Endpoint: (POST DELETE) /server/job_queue/job
2023-11-27 17:17:18,271 [websockets.py:register_api_handler()] - Registering Websocket JSON-RPC methods: server.job_queue.post_job, server.job_queue.delete_job
2023-11-27 17:17:18,272 [app.py:register_local_handler()] - Registering HTTP Endpoint: (POST) /server/job_queue/pause
2023-11-27 17:17:18,274 [websockets.py:register_api_handler()] - Registering Websocket JSON-RPC methods: server.job_queue.pause
2023-11-27 17:17:18,274 [app.py:register_local_handler()] - Registering HTTP Endpoint: (POST) /server/job_queue/start
2023-11-27 17:17:18,283 [websockets.py:register_api_handler()] - Registering Websocket JSON-RPC methods: server.job_queue.start
2023-11-27 17:17:18,284 [app.py:register_local_handler()] - Registering HTTP Endpoint: (GET) /server/job_queue/status
2023-11-27 17:17:18,285 [websockets.py:register_api_handler()] - Registering Websocket JSON-RPC methods: server.job_queue.status
2023-11-27 17:17:18,286 [app.py:register_local_handler()] - Registering HTTP Endpoint: (POST) /server/job_queue/jump
2023-11-27 17:17:18,288 [websockets.py:register_api_handler()] - Registering Websocket JSON-RPC methods: server.job_queue.jump
2023-11-27 17:17:18,288 [server.py:load_component()] - Component (job_queue) loaded
2023-11-27 17:17:18,337 [server.py:load_component()] - Component (http_client) loaded
2023-11-27 17:17:18,391 [app.py:register_local_handler()] - Registering HTTP Endpoint: (GET) /server/announcements/list
2023-11-27 17:17:18,395 [websockets.py:register_api_handler()] - Registering Websocket JSON-RPC methods: server.announcements.list
2023-11-27 17:17:18,396 [app.py:register_local_handler()] - Registering HTTP Endpoint: (POST) /server/announcements/dismiss
2023-11-27 17:17:18,408 [websockets.py:register_api_handler()] - Registering Websocket JSON-RPC methods: server.announcements.dismiss
2023-11-27 17:17:18,408 [app.py:register_local_handler()] - Registering HTTP Endpoint: (POST) /server/announcements/update
2023-11-27 17:17:18,410 [websockets.py:register_api_handler()] - Registering Websocket JSON-RPC methods: server.announcements.update
2023-11-27 17:17:18,411 [app.py:register_local_handler()] - Registering HTTP Endpoint: (POST DELETE) /server/announcements/feed
2023-11-27 17:17:18,414 [websockets.py:register_api_handler()] - Registering Websocket JSON-RPC methods: server.announcements.post_feed, server.announcements.delete_feed
2023-11-27 17:17:18,428 [app.py:register_local_handler()] - Registering HTTP Endpoint: (GET) /server/announcements/feeds
2023-11-27 17:17:18,430 [websockets.py:register_api_handler()] - Registering Websocket JSON-RPC methods: server.announcements.feeds
2023-11-27 17:17:18,430 [server.py:load_component()] - Component (announcements) loaded
2023-11-27 17:17:18,454 [app.py:register_local_handler()] - Registering HTTP Endpoint: (GET) /server/webcams/list
2023-11-27 17:17:18,456 [websockets.py:register_api_handler()] - Registering Websocket JSON-RPC methods: server.webcams.list
2023-11-27 17:17:18,456 [app.py:register_local_handler()] - Registering HTTP Endpoint: (GET POST DELETE) /server/webcams/item
2023-11-27 17:17:18,464 [websockets.py:register_api_handler()] - Registering Websocket JSON-RPC methods: server.webcams.get_item, server.webcams.post_item, server.webcams.delete_item
2023-11-27 17:17:18,465 [app.py:register_local_handler()] - Registering HTTP Endpoint: (POST) /server/webcams/test
2023-11-27 17:17:18,467 [websockets.py:register_api_handler()] - Registering Websocket JSON-RPC methods: server.webcams.test
2023-11-27 17:17:18,467 [server.py:load_component()] - Component (webcam) loaded
2023-11-27 17:17:18,483 [websockets.py:register_api_handler()] - Registering Websocket JSON-RPC methods: connection.register_remote_method
2023-11-27 17:17:18,486 [websockets.py:register_api_handler()] - Registering Websocket JSON-RPC methods: connection.send_event
2023-11-27 17:17:18,486 [app.py:register_local_handler()] - Registering HTTP Endpoint: (GET) /server/extensions/list
2023-11-27 17:17:18,495 [websockets.py:register_api_handler()] - Registering Websocket JSON-RPC methods: server.extensions.list
2023-11-27 17:17:18,497 [app.py:register_local_handler()] - Registering HTTP Endpoint: (POST) /server/extensions/request
2023-11-27 17:17:18,499 [websockets.py:register_api_handler()] - Registering Websocket JSON-RPC methods: server.extensions.request
2023-11-27 17:17:18,499 [server.py:load_component()] - Component (extensions) loaded
2023-11-27 17:17:18,515 [app.py:register_local_handler()] - Registering HTTP Endpoint: (GET DELETE) /server/history/job
2023-11-27 17:17:18,518 [websockets.py:register_api_handler()] - Registering Websocket JSON-RPC methods: server.history.get_job, server.history.delete_job
2023-11-27 17:17:18,518 [app.py:register_local_handler()] - Registering HTTP Endpoint: (GET) /server/history/list
2023-11-27 17:17:18,520 [websockets.py:register_api_handler()] - Registering Websocket JSON-RPC methods: server.history.list
2023-11-27 17:17:18,530 [app.py:register_local_handler()] - Registering HTTP Endpoint: (GET) /server/history/totals
2023-11-27 17:17:18,532 [websockets.py:register_api_handler()] - Registering Websocket JSON-RPC methods: server.history.totals
2023-11-27 17:17:18,532 [app.py:register_local_handler()] - Registering HTTP Endpoint: (POST) /server/history/reset_totals
2023-11-27 17:17:18,543 [websockets.py:register_api_handler()] - Registering Websocket JSON-RPC methods: server.history.reset_totals
2023-11-27 17:17:18,546 [server.py:load_component()] - Component (history) loaded
2023-11-27 17:17:18,573 [app.py:register_local_handler()] - Registering HTTP Endpoint: (GET) /api/version
2023-11-27 17:17:18,583 [app.py:register_local_handler()] - Registering HTTP Endpoint: (GET) /api/server
2023-11-27 17:17:18,585 [app.py:register_local_handler()] - Registering HTTP Endpoint: (POST) /api/login
2023-11-27 17:17:18,587 [app.py:register_local_handler()] - Registering HTTP Endpoint: (GET) /api/currentuser
2023-11-27 17:17:18,601 [app.py:register_local_handler()] - Registering HTTP Endpoint: (GET) /api/settings
2023-11-27 17:17:18,603 [app.py:register_local_handler()] - Registering HTTP Endpoint: (GET) /api/job
2023-11-27 17:17:18,606 [app.py:register_local_handler()] - Registering HTTP Endpoint: (GET) /api/printer
2023-11-27 17:17:18,612 [app.py:register_local_handler()] - Registering HTTP Endpoint: (POST) /api/printer/command
2023-11-27 17:17:18,614 [app.py:register_local_handler()] - Registering HTTP Endpoint: (GET) /api/printerprofiles
2023-11-27 17:17:18,624 [app.py:register_local_handler()] - Registering HTTP Endpoint: (POST) /api/files/moonraker/(?P<relative_path>.+)
2023-11-27 17:17:18,627 [server.py:load_component()] - Component (octoprint_compat) loaded
2023-11-27 17:17:18,775 [authorization.py:__init__()] - Authorization Configuration Loaded
Trusted Clients:
10.0.0.0/8
127.0.0.0/8
169.254.0.0/16
172.16.0.0/12
192.168.0.0/16
fe80::/10
::1/128
CORS Domains:
.*\.lan
.*\.local
.*://localhost
.*://localhost:.*
.*://my\.mainsail\.xyz
.*://app\.fluidd\.xyz
2023-11-27 17:17:18,776 [app.py:register_local_handler()] - Registering HTTP Endpoint: (POST) /access/login
2023-11-27 17:17:18,778 [websockets.py:register_api_handler()] - Registering Websocket JSON-RPC methods: access.login
2023-11-27 17:17:18,778 [app.py:register_local_handler()] - Registering HTTP Endpoint: (POST) /access/logout
2023-11-27 17:17:18,780 [websockets.py:register_api_handler()] - Registering Websocket JSON-RPC methods: access.logout
2023-11-27 17:17:18,780 [app.py:register_local_handler()] - Registering HTTP Endpoint: (POST) /access/refresh_jwt
2023-11-27 17:17:18,792 [websockets.py:register_api_handler()] - Registering Websocket JSON-RPC methods: access.refresh_jwt
2023-11-27 17:17:18,793 [app.py:register_local_handler()] - Registering HTTP Endpoint: (GET POST DELETE) /access/user
2023-11-27 17:17:18,806 [websockets.py:register_api_handler()] - Registering Websocket JSON-RPC methods: access.get_user, access.post_user, access.delete_user
2023-11-27 17:17:18,806 [app.py:register_local_handler()] - Registering HTTP Endpoint: (GET) /access/users/list
2023-11-27 17:17:18,808 [websockets.py:register_api_handler()] - Registering Websocket JSON-RPC methods: access.users.list
2023-11-27 17:17:18,817 [app.py:register_local_handler()] - Registering HTTP Endpoint: (POST) /access/user/password
2023-11-27 17:17:18,819 [websockets.py:register_api_handler()] - Registering Websocket JSON-RPC methods: access.user.password
2023-11-27 17:17:18,820 [app.py:register_local_handler()] - Registering HTTP Endpoint: (GET POST) /access/api_key
2023-11-27 17:17:18,822 [websockets.py:register_api_handler()] - Registering Websocket JSON-RPC methods: access.get_api_key, access.post_api_key
2023-11-27 17:17:18,822 [app.py:register_local_handler()] - Registering HTTP Endpoint: (GET) /access/oneshot_token
2023-11-27 17:17:18,834 [websockets.py:register_api_handler()] - Registering Websocket JSON-RPC methods: access.oneshot_token
2023-11-27 17:17:18,834 [app.py:register_local_handler()] - Registering HTTP Endpoint: (GET) /access/info
2023-11-27 17:17:18,836 [websockets.py:register_api_handler()] - Registering Websocket JSON-RPC methods: access.info
2023-11-27 17:17:18,837 [server.py:load_component()] - Component (authorization) loaded
2023-11-27 17:17:19,246 [base_deploy.py:log_info()] - Git Repo moonraker: Detected virtualenv: /home/biqu/moonraker-env
2023-11-27 17:17:19,262 [base_deploy.py:log_info()] - Git Repo klipper: Detected virtualenv: /home/biqu/klippy-env
2023-11-27 17:17:19,298 [app.py:register_local_handler()] - Registering HTTP Endpoint: (POST) /machine/update/moonraker
2023-11-27 17:17:19,300 [websockets.py:register_api_handler()] - Registering Websocket JSON-RPC methods: machine.update.moonraker
2023-11-27 17:17:19,300 [app.py:register_local_handler()] - Registering HTTP Endpoint: (POST) /machine/update/klipper
2023-11-27 17:17:19,302 [websockets.py:register_api_handler()] - Registering Websocket JSON-RPC methods: machine.update.klipper
2023-11-27 17:17:19,303 [app.py:register_local_handler()] - Registering HTTP Endpoint: (POST) /machine/update/system
2023-11-27 17:17:19,317 [websockets.py:register_api_handler()] - Registering Websocket JSON-RPC methods: machine.update.system
2023-11-27 17:17:19,318 [app.py:register_local_handler()] - Registering HTTP Endpoint: (POST) /machine/update/client
2023-11-27 17:17:19,331 [websockets.py:register_api_handler()] - Registering Websocket JSON-RPC methods: machine.update.client
2023-11-27 17:17:19,332 [app.py:register_local_handler()] - Registering HTTP Endpoint: (POST) /machine/update/full
2023-11-27 17:17:19,335 [websockets.py:register_api_handler()] - Registering Websocket JSON-RPC methods: machine.update.full
2023-11-27 17:17:19,336 [app.py:register_local_handler()] - Registering HTTP Endpoint: (GET) /machine/update/status
2023-11-27 17:17:19,346 [websockets.py:register_api_handler()] - Registering Websocket JSON-RPC methods: machine.update.status
2023-11-27 17:17:19,347 [app.py:register_local_handler()] - Registering HTTP Endpoint: (POST) /machine/update/refresh
2023-11-27 17:17:19,349 [websockets.py:register_api_handler()] - Registering Websocket JSON-RPC methods: machine.update.refresh
2023-11-27 17:17:19,349 [app.py:register_local_handler()] - Registering HTTP Endpoint: (POST) /machine/update/recover
2023-11-27 17:17:19,359 [websockets.py:register_api_handler()] - Registering Websocket JSON-RPC methods: machine.update.recover
2023-11-27 17:17:19,361 [app.py:register_local_handler()] - Registering HTTP Endpoint: (POST) /machine/update/rollback
2023-11-27 17:17:19,362 [websockets.py:register_api_handler()] - Registering Websocket JSON-RPC methods: machine.update.rollback
2023-11-27 17:17:19,363 [server.py:load_component()] - Component (update_manager) loaded
2023-11-27 17:17:19,416 [server.py:_initialize_component()] - Performing Component Post Init: [dbus_manager]
2023-11-27 17:17:19,771 [server.py:_initialize_component()] - Performing Component Post Init: [file_manager]
2023-11-27 17:17:19,969 [server.py:_initialize_component()] - Performing Component Post Init: [machine]
2023-11-27 17:17:20,041 [machine.py:validation_init()] - Installation version in database up to date
2023-11-27 17:17:21,269 [machine.py:check_virt_status()] - No Virtualization Detected
2023-11-27 17:17:21,311 [machine.py:_find_public_ip()] - Detected Local IP: 192.168.178.43
2023-11-27 17:17:21,318 [webcam.py:_set_default_host_ip()] - Default public webcam address set: http://192.168.178.43
2023-11-27 17:17:21,529 [server.py:add_log_rollover_item()] - 
Systemd unit moonraker.service:
unit_name: moonraker.service
is_default: True
manager: systemd
Properties:
**Requires=['network-online.target', '-.mount', 'sysinit.target', 'system.slice']
**After=['network-online.target', '-.mount', 'systemd-journald.socket', 'sysinit.target', 'system.slice', 'basic.target']
**SupplementaryGroups=['moonraker-admin']
**EnvironmentFiles=/home/biqu/printer_data/systemd/moonraker.env
**ExecStart=/home/biqu/moonraker-env/bin/python $MOONRAKER_ARGS
**WorkingDirectory=/home/biqu/moonraker
**FragmentPath=/etc/systemd/system/moonraker.service
**Description=API Server for Klipper SV1
**User=biqu
2023-11-27 17:17:21,529 [server.py:_initialize_component()] - Performing Component Post Init: [proc_stats]
2023-11-27 17:17:21,530 [server.py:_initialize_component()] - Performing Component Post Init: [announcements]
2023-11-27 17:17:21,537 [server.py:_initialize_component()] - Performing Component Post Init: [webcam]
2023-11-27 17:17:21,538 [webcam.py:_set_default_host_ip()] - Default public webcam address set: http://192.168.178.43
2023-11-27 17:17:21,540 [server.py:_initialize_component()] - Performing Component Post Init: [klippy_connection]
2023-11-27 17:17:21,545 [server.py:add_log_rollover_item()] - 
Systemd unit klipper.service:
unit_name: klipper.service
is_default: True
manager: systemd
Properties:
**Requires=['system.slice', 'sysinit.target', '-.mount']
**After=['basic.target', 'klipper-mcu.service', 'systemd-journald.socket', 'system.slice', '-.mount', 'network-online.target', 'sysinit.target']
**SupplementaryGroups=[]
**EnvironmentFiles=/home/biqu/printer_data/systemd/klipper.env
**ExecStart=/home/biqu/klippy-env/bin/python $KLIPPER_ARGS
**WorkingDirectory=/home/biqu/klipper
**FragmentPath=/etc/systemd/system/klipper.service
**Description=Klipper 3D Printer Firmware SV1
**User=biqu
2023-11-27 17:17:21,546 [server.py:_initialize_component()] - Performing Component Post Init: [authorization]
2023-11-27 17:17:21,547 [server.py:_initialize_component()] - Performing Component Post Init: [update_manager]
2023-11-27 17:17:22,683 [base_deploy.py:log_info()] - PackageDeploy: PackageKit Provider Configured
2023-11-27 17:17:22,741 [git_deploy.py:log_repo_info()] - Git Repo moonraker Detected:
Owner: Arksine
Repository Name: moonraker
Path: /home/biqu/moonraker
Remote: origin
Branch: master
Remote URL: https://github.com/Arksine/moonraker.git
Recovery URL: https://github.com/Arksine/moonraker.git
Current Commit SHA: dddd968f82bf31155e295c170ebcce060d8d2cf9
Upstream Commit SHA: fb15b2a3de1ac203a8bf2a700b08c649d23cd4a0
Current Version: v0.8.0-202-gdddd968f
Upstream Version: v0.8.0-204-gfb15b2a3
Rollback Commit: dddd968f82bf31155e295c170ebcce060d8d2cf9
Rollback Branch: master
Rollback Version: v0.8.0-202-gdddd968f
Is Dirty: False
Is Detached: False
Is Shallow: False
Commits Behind Count: 2
Diverged: False
2023-11-27 17:17:22,799 [git_deploy.py:log_repo_info()] - Git Repo klipper Detected:
Owner: Klipper3d
Repository Name: klipper
Path: /home/biqu/klipper
Remote: origin
Branch: master
Remote URL: https://github.com/Klipper3d/klipper
Recovery URL: https://github.com/Klipper3d/klipper
Current Commit SHA: 187cc2f1b89e3870d694f8db6a64b116992106b7
Upstream Commit SHA: ea2f6bc0f544132738c7f052ffcc586fa884a19a
Current Version: v0.12.0-8-g187cc2f1
Upstream Version: v0.12.0-10-gea2f6bc0
Rollback Commit: 187cc2f1b89e3870d694f8db6a64b116992106b7
Rollback Branch: master
Rollback Version: v0.12.0-8-g187cc2f1
Is Dirty: False
Is Detached: False
Is Shallow: False
Commits Behind Count: 2
Diverged: False
Repo Warnings:
  Repo has untracked source files: ['klippy/extras/gcode_shell_command.py']
2023-11-27 17:17:22,856 [git_deploy.py:log_repo_info()] - Git Repo mainsail-config Detected:
Owner: mainsail-crew
Repository Name: mainsail-config
Path: /home/biqu/mainsail-config
Remote: origin
Branch: master
Remote URL: https://github.com/mainsail-crew/mainsail-config.git
Recovery URL: https://github.com/mainsail-crew/mainsail-config.git
Current Commit SHA: 76a9999986b03abb3aed272dc0a818f13a18ea7e
Upstream Commit SHA: 76a9999986b03abb3aed272dc0a818f13a18ea7e
Current Version: v1.1.0-1-g76a99999
Upstream Version: v1.1.0-1-g76a99999
Rollback Commit: 76a9999986b03abb3aed272dc0a818f13a18ea7e
Rollback Branch: master
Rollback Version: v1.1.0-1-g76a99999
Is Dirty: False
Is Detached: False
Is Shallow: False
Commits Behind Count: 0
Diverged: False
2023-11-27 17:17:22,872 [web_deploy.py:_log_client_info()] - Web Client mainsail Detected:
Repo: mainsail-crew/mainsail
Channel: stable
Path: /home/biqu/mainsail
Local Version: v2.8.0
Remote Version: v2.8.0
Valid: True
Fallback Client Detected: False
Pre-release: False
Download Url: https://github.com/mainsail-crew/mainsail/releases/download/v2.8.0/mainsail.zip
Download Size: 2147663
Content Type: application/zip
Rollback Version: v2.8.0
Rollback Repo: mainsail-crew/mainsail
2023-11-27 17:17:22,926 [git_deploy.py:log_repo_info()] - Git Repo crowsnest Detected:
Owner: mainsail-crew
Repository Name: crowsnest
Path: /home/biqu/crowsnest
Remote: origin
Branch: master
Remote URL: https://github.com/mainsail-crew/crowsnest.git
Recovery URL: https://github.com/mainsail-crew/crowsnest.git
Current Commit SHA: 380c1776207bc8d69f18daa651413e01fb879c74
Upstream Commit SHA: f7ac6aa298143f0019eae9b2b2be8039196ebeda
Current Version: v4.1.0-1-g380c1776
Upstream Version: v4.1.1-1-gf7ac6aa2
Rollback Commit: 380c1776207bc8d69f18daa651413e01fb879c74
Rollback Branch: master
Rollback Version: v4.1.0-1-g380c1776
Is Dirty: False
Is Detached: False
Is Shallow: False
Commits Behind Count: 8
Diverged: False
2023-11-27 17:17:22,996 [git_deploy.py:log_repo_info()] - Git Repo Klipper-Adaptive-Meshing-Purging Detected:
Owner: kyleisah
Repository Name: Klipper-Adaptive-Meshing-Purging
Path: /home/biqu/Klipper-Adaptive-Meshing-Purging
Remote: origin
Branch: main
Remote URL: https://github.com/kyleisah/Klipper-Adaptive-Meshing-Purging.git
Recovery URL: https://github.com/kyleisah/Klipper-Adaptive-Meshing-Purging.git
Current Commit SHA: 3eca87b784895ec7d8679f5dae56f1ffa975552b
Upstream Commit SHA: 3eca87b784895ec7d8679f5dae56f1ffa975552b
Current Version: v1.1.2-7-g3eca87b7
Upstream Version: v1.1.2-7-g3eca87b7
Rollback Commit: 3eca87b784895ec7d8679f5dae56f1ffa975552b
Rollback Branch: main
Rollback Version: v1.1.2-7-g3eca87b7
Is Dirty: False
Is Detached: False
Is Shallow: False
Commits Behind Count: 0
Diverged: False
2023-11-27 17:17:22,999 [base_deploy.py:log_info()] - PackageKit: Next refresh in: 6 Days, 21 Hours, 1 Minute, 41 Seconds
2023-11-27 17:17:23,000 [base_deploy.py:log_info()] - Git Repo moonraker: Next refresh in: 6 Days, 21 Hours, 1 Minute, 43 Seconds
2023-11-27 17:17:23,001 [base_deploy.py:log_info()] - Git Repo klipper: Next refresh in: 6 Days, 21 Hours, 2 Minutes
2023-11-27 17:17:23,001 [base_deploy.py:log_info()] - Git Repo mainsail-config: Next refresh in: 6 Days, 21 Hours, 2 Minutes, 1 Second
2023-11-27 17:17:23,002 [base_deploy.py:log_info()] - Web Client mainsail: Next refresh in: 6 Days, 21 Hours, 2 Minutes, 1 Second
2023-11-27 17:17:23,002 [base_deploy.py:log_info()] - Git Repo crowsnest: Next refresh in: 6 Days, 21 Hours, 2 Minutes, 3 Seconds
2023-11-27 17:17:23,003 [base_deploy.py:log_info()] - Git Repo Klipper-Adaptive-Meshing-Purging: Next refresh in: 11 Days, 20 Hours, 15 Minutes, 4 Seconds
2023-11-27 17:17:23,017 [extensions.py:start_unix_server()] - Creating Unix Domain Socket at '/home/biqu/printer_data/comms/moonraker.sock'
2023-11-27 17:17:23,020 [server.py:start_server()] - Starting Moonraker on (0.0.0.0, 7125), Hostname: BTT-Pad7
2023-11-27 17:17:23,028 [app.py:listen()] - SSL Certificate/Key not configured, aborting HTTPS Server startup
2023-12-02 13:49:13,780 [authorization.py:_check_trusted_connection()] - Trusted Connection Detected, IP: 127.0.0.1
2023-12-02 13:49:13,834 [app.py:log_request()] - 101 GET /websocket?token=XXQEUQOQBVBJLGE5OUXUQPONB2BUN5W2 (127.0.0.1) [_TRUSTED_USER_] 6.07ms
2023-12-02 13:49:13,835 [websockets.py:open()] - Websocket Opened: ID: 281473375686080, Proxied: False, User Agent: , Host Name: 127.0.0.1
2023-12-02 13:49:19,283 [klippy_connection.py:_do_connect()] - Klippy Connection Established
2023-12-02 13:49:19,444 [server.py:add_log_rollover_item()] - 
Systemd unit klipper.service:
unit_name: klipper.service
is_default: True
manager: systemd
Properties:
**Requires=['sysinit.target', '-.mount', 'system.slice']
**After=['systemd-journald.socket', '-.mount', 'sysinit.target', 'system.slice', 'basic.target', 'klipper-mcu.service', 'network-online.target']
**SupplementaryGroups=[]
**EnvironmentFiles=/home/biqu/printer_data/systemd/klipper.env
**ExecStart=/home/biqu/klippy-env/bin/python $KLIPPER_ARGS
**WorkingDirectory=/home/biqu/klipper
**FragmentPath=/etc/systemd/system/klipper.service
**Description=Klipper 3D Printer Firmware SV1
**User=biqu
2023-12-02 13:49:19,701 [server.py:add_log_rollover_item()] - Klipper Version: v0.12.0-8-g187cc2f1-dirty
2023-12-02 13:49:19,719 [app.py:register_remote_handler()] - Registering HTTP endpoint: (GET POST) /printer/info
2023-12-02 13:49:19,721 [websockets.py:register_api_handler()] - Registering Websocket JSON-RPC methods: printer.info
2023-12-02 13:49:19,721 [app.py:register_remote_handler()] - Registering HTTP endpoint: (GET POST) /printer/emergency_stop
2023-12-02 13:49:19,722 [websockets.py:register_api_handler()] - Registering Websocket JSON-RPC methods: printer.emergency_stop
2023-12-02 13:49:19,723 [app.py:register_remote_handler()] - Registering HTTP endpoint: (GET POST) /printer/gcode/help
2023-12-02 13:49:19,724 [websockets.py:register_api_handler()] - Registering Websocket JSON-RPC methods: printer.gcode.help
2023-12-02 13:49:19,725 [app.py:register_remote_handler()] - Registering HTTP endpoint: (GET POST) /printer/gcode/script
2023-12-02 13:49:19,727 [websockets.py:register_api_handler()] - Registering Websocket JSON-RPC methods: printer.gcode.script
2023-12-02 13:49:19,727 [app.py:register_remote_handler()] - Registering HTTP endpoint: (GET POST) /printer/gcode/restart
2023-12-02 13:49:19,729 [websockets.py:register_api_handler()] - Registering Websocket JSON-RPC methods: printer.gcode.restart
2023-12-02 13:49:19,729 [app.py:register_remote_handler()] - Registering HTTP endpoint: (GET POST) /printer/gcode/firmware_restart
2023-12-02 13:49:19,730 [websockets.py:register_api_handler()] - Registering Websocket JSON-RPC methods: printer.gcode.firmware_restart
2023-12-02 13:49:19,731 [app.py:register_remote_handler()] - Registering HTTP endpoint: (GET POST) /printer/objects/list
2023-12-02 13:49:19,733 [websockets.py:register_api_handler()] - Registering Websocket JSON-RPC methods: printer.objects.list
2023-12-02 13:49:19,733 [app.py:register_remote_handler()] - Registering HTTP endpoint: (GET POST) /printer/objects/query
2023-12-02 13:49:19,734 [websockets.py:register_api_handler()] - Registering Websocket JSON-RPC methods: printer.objects.query
2023-12-02 13:49:19,735 [app.py:register_remote_handler()] - Registering HTTP endpoint: (GET POST) /printer/objects/subscribe
2023-12-02 13:49:19,736 [websockets.py:register_api_handler()] - Registering Websocket JSON-RPC methods: printer.objects.subscribe
2023-12-02 13:49:19,743 [klippy_connection.py:_request_initial_subscriptions()] - Webhooks Subscribed
2023-12-02 13:49:19,747 [klippy_connection.py:_request_initial_subscriptions()] - GCode Output Subscribed
2023-12-02 13:49:19,752 [klippy_connection.py:_check_ready()] - 
Include file '/home/biqu/printer_data/config/macros/base_macros' does not exist

Once the underlying issue is corrected, use the "RESTART"
command to reload the config and restart the host software.
Printer is halted

2023-12-02 13:49:21,015 [file_manager.py:get_file_list()] - Updating File List <gcodes>...
2023-12-02 13:49:55,785 [authorization.py:_check_trusted_connection()] - Trusted Connection Detected, IP: 192.168.178.33
2023-12-02 13:49:55,788 [app.py:log_request()] - 101 GET /websocket (192.168.178.33) [_TRUSTED_USER_] 6.79ms
2023-12-02 13:49:55,789 [websockets.py:open()] - Websocket Opened: ID: 281473072245200, Proxied: True, User Agent: Mozilla/5.0 (Windows NT 10.0; Win64; x64; rv:120.0) Gecko/20100101 Firefox/120.0, Host Name: btt-pad7.local
2023-12-02 13:49:55,802 [websockets.py:_handle_identify()] - Websocket 281473072245200 Client Identified - Name: mainsail, Version: 2.8.0, Type: web
2023-12-02 13:50:27,099 [app.py:prepare()] - Upload Request Received from 192.168.178.33
Content-Type: multipart/form-data; boundary=---------------------------38595762431663454741604387554
2023-12-02 13:50:27,126 [app.py:post()] - Processing Uploaded File: printer.cfg
2023-12-02 13:50:27,140 [app.py:log_request()] - 201 POST /server/files/upload (192.168.178.33) [_TRUSTED_USER_] 45.18ms
2023-12-02 13:50:27,169 [klippy_connection.py:_on_connection_closed()] - Klippy Connection Removed
2023-12-02 13:50:28,435 [klippy_connection.py:_do_connect()] - Klippy Connection Established
2023-12-02 13:50:32,185 [app.py:register_remote_handler()] - Registering HTTP endpoint: (GET POST) /printer/pause_resume/cancel
2023-12-02 13:50:32,187 [websockets.py:register_api_handler()] - Registering Websocket JSON-RPC methods: printer.pause_resume.cancel
2023-12-02 13:50:32,188 [app.py:register_remote_handler()] - Registering HTTP endpoint: (GET POST) /printer/pause_resume/pause
2023-12-02 13:50:32,190 [websockets.py:register_api_handler()] - Registering Websocket JSON-RPC methods: printer.pause_resume.pause
2023-12-02 13:50:32,190 [app.py:register_remote_handler()] - Registering HTTP endpoint: (GET POST) /printer/pause_resume/resume
2023-12-02 13:50:32,192 [websockets.py:register_api_handler()] - Registering Websocket JSON-RPC methods: printer.pause_resume.resume
2023-12-02 13:50:32,192 [app.py:register_remote_handler()] - Registering HTTP endpoint: (GET POST) /printer/motion_report/dump_stepper
2023-12-02 13:50:32,194 [websockets.py:register_api_handler()] - Registering Websocket JSON-RPC methods: printer.motion_report.dump_stepper
2023-12-02 13:50:32,194 [app.py:register_remote_handler()] - Registering HTTP endpoint: (GET POST) /printer/query_endstops/status
2023-12-02 13:50:32,196 [websockets.py:register_api_handler()] - Registering Websocket JSON-RPC methods: printer.query_endstops.status
2023-12-02 13:50:32,573 [file_manager.py:get_file_list()] - Updating File List <gcodes>...
2023-12-02 13:50:34,211 [klippy_connection.py:_request_initial_subscriptions()] - Webhooks Subscribed
2023-12-02 13:50:34,216 [klippy_connection.py:_request_initial_subscriptions()] - GCode Output Subscribed
2023-12-02 13:50:34,221 [app.py:register_remote_handler()] - Registering HTTP endpoint: (GET POST) /printer/motion_report/dump_trapq
2023-12-02 13:50:34,223 [websockets.py:register_api_handler()] - Registering Websocket JSON-RPC methods: printer.motion_report.dump_trapq
2023-12-02 13:50:34,462 [job_state.py:_handle_started()] - Job state initialized: standby
2023-12-02 13:50:34,716 [server.py:add_warning()] - GCode path received from Klipper does not match expected location.

Received: '/home/biqu/SV06_data/gcodes'
Expected: '/home/biqu/printer_data/gcodes'

Modify the [virtual_sdcard] section Klipper's configuration to correct this error.

[virtual_sdcard]
path: /home/biqu/printer_data/gcodes
2023-12-02 13:50:34,735 [klippy_connection.py:_check_ready()] - Klippy ready
2023-12-02 13:50:35,223 [data_store.py:_init_sensors()] - Configuring available sensors: ['heater_bed', 'extruder']
